<?xml version="1.0" encoding="UTF-8"?>
<!-- Generated by org.testng.reporters.JUnitXMLReporter -->
<testsuite ignored="0" hostname="DESKTOP-KA0ET4N" failures="0" tests="7" name="Default test" time="12.935" errors="0" timestamp="2026-07-23T21:58:30 EDT">
  <testcase classname="tests.LoginTest" name="testAddToCartWithFluentWait" time="0.794"/>
  <testcase classname="tests.LoginTest" name="testAddToCartWithWaits" time="0.63"/>
  <testcase classname="tests.LoginTest" name="testInvalidLogin" time="0.49"/>
  <testcase classname="tests.LoginTest" name="testLoginWithMultipleUsers" time="0.513"/>
  <testcase classname="tests.LoginTest" name="testLoginWithMultipleUsers" time="0.502"/>
  <testcase classname="tests.LoginTest" name="testLoginWithMultipleUsers" time="0.549"/>
  <testcase classname="tests.LoginTest" name="testValidLogin" time="0.537"/>
</testsuite> <!-- Default test -->
