<?xml version="1.0" encoding="UTF-8"?>
<!-- Generated by org.testng.reporters.JUnitXMLReporter -->
<testsuite ignored="0" hostname="DESKTOP-KA0ET4N" failures="0" tests="5" name="Default test" time="10.951" errors="0" timestamp="2026-07-18T22:25:17 EDT">
  <testcase classname="tests.LoginTest" name="testInvalidLogin" time="0.73"/>
  <testcase classname="tests.LoginTest" name="testLoginWithMultipleUsers" time="0.694"/>
  <testcase classname="tests.LoginTest" name="testLoginWithMultipleUsers" time="0.666"/>
  <testcase classname="tests.LoginTest" name="testLoginWithMultipleUsers" time="0.624"/>
  <testcase classname="tests.LoginTest" name="testValidLogin" time="0.674"/>
</testsuite> <!-- Default test -->
