<?xml version="1.0" encoding="UTF-8"?>
<testng-results ignored="0" total="5" passed="5" failed="0" skipped="0">
  <reporter-output>
  </reporter-output>
  <suite started-at="2026-07-16T22:49:10 EDT" name="Default suite" finished-at="2026-07-16T22:49:18 EDT" duration-ms="8812">
    <groups>
    </groups>
    <test started-at="2026-07-16T22:49:10 EDT" name="Default test" finished-at="2026-07-16T22:49:18 EDT" duration-ms="8812">
      <class name="tests.LoginTest">
        <test-method is-config="true" signature="setUp()[pri:0, instance:tests.LoginTest@38d8f54a]" started-at="2026-07-16T22:49:10 EDT" name="setUp" finished-at="2026-07-16T22:49:11 EDT" duration-ms="1391" status="PASS">
          <reporter-output>
          </reporter-output>
        </test-method> <!-- setUp -->
        <test-method signature="testInvalidLogin()[pri:0, instance:tests.LoginTest@38d8f54a]" started-at="2026-07-16T22:49:11 EDT" name="testInvalidLogin" finished-at="2026-07-16T22:49:12 EDT" duration-ms="683" status="PASS">
          <reporter-output>
          </reporter-output>
        </test-method> <!-- testInvalidLogin -->
        <test-method is-config="true" signature="tearDown()[pri:0, instance:tests.LoginTest@38d8f54a]" started-at="2026-07-16T22:49:12 EDT" name="tearDown" finished-at="2026-07-16T22:49:12 EDT" duration-ms="143" status="PASS">
          <reporter-output>
          </reporter-output>
        </test-method> <!-- tearDown -->
        <test-method is-config="true" signature="setUp()[pri:0, instance:tests.LoginTest@38d8f54a]" started-at="2026-07-16T22:49:12 EDT" name="setUp" finished-at="2026-07-16T22:49:13 EDT" duration-ms="917" status="PASS">
          <reporter-output>
          </reporter-output>
        </test-method> <!-- setUp -->
        <test-method signature="testLoginWithMultipleUsers(java.lang.String,java.lang.String,java.lang.String)[pri:0, instance:tests.LoginTest@38d8f54a]" started-at="2026-07-16T22:49:13 EDT" name="testLoginWithMultipleUsers" data-provider="loginData" finished-at="2026-07-16T22:49:13 EDT" duration-ms="558" status="PASS">
          <params>
            <param index="0">
              <value>
                <![CDATA[standard_user]]>
              </value>
            </param>
            <param index="1">
              <value>
                <![CDATA[secret_sauce]]>
              </value>
            </param>
            <param index="2">
              <value>
                <![CDATA[success]]>
              </value>
            </param>
          </params>
          <reporter-output>
          </reporter-output>
        </test-method> <!-- testLoginWithMultipleUsers -->
        <test-method is-config="true" signature="tearDown()[pri:0, instance:tests.LoginTest@38d8f54a]" started-at="2026-07-16T22:49:13 EDT" name="tearDown" finished-at="2026-07-16T22:49:14 EDT" duration-ms="170" status="PASS">
          <reporter-output>
          </reporter-output>
        </test-method> <!-- tearDown -->
        <test-method is-config="true" signature="setUp()[pri:0, instance:tests.LoginTest@38d8f54a]" started-at="2026-07-16T22:49:14 EDT" name="setUp" finished-at="2026-07-16T22:49:14 EDT" duration-ms="897" status="PASS">
          <reporter-output>
          </reporter-output>
        </test-method> <!-- setUp -->
        <test-method signature="testLoginWithMultipleUsers(java.lang.String,java.lang.String,java.lang.String)[pri:0, instance:tests.LoginTest@38d8f54a]" started-at="2026-07-16T22:49:14 EDT" name="testLoginWithMultipleUsers" data-provider="loginData" finished-at="2026-07-16T22:49:15 EDT" duration-ms="504" status="PASS">
          <params>
            <param index="0">
              <value>
                <![CDATA[wrong_user]]>
              </value>
            </param>
            <param index="1">
              <value>
                <![CDATA[wrong_password]]>
              </value>
            </param>
            <param index="2">
              <value>
                <![CDATA[error]]>
              </value>
            </param>
          </params>
          <reporter-output>
          </reporter-output>
        </test-method> <!-- testLoginWithMultipleUsers -->
        <test-method is-config="true" signature="tearDown()[pri:0, instance:tests.LoginTest@38d8f54a]" started-at="2026-07-16T22:49:15 EDT" name="tearDown" finished-at="2026-07-16T22:49:15 EDT" duration-ms="183" status="PASS">
          <reporter-output>
          </reporter-output>
        </test-method> <!-- tearDown -->
        <test-method is-config="true" signature="setUp()[pri:0, instance:tests.LoginTest@38d8f54a]" started-at="2026-07-16T22:49:15 EDT" name="setUp" finished-at="2026-07-16T22:49:16 EDT" duration-ms="934" status="PASS">
          <reporter-output>
          </reporter-output>
        </test-method> <!-- setUp -->
        <test-method signature="testLoginWithMultipleUsers(java.lang.String,java.lang.String,java.lang.String)[pri:0, instance:tests.LoginTest@38d8f54a]" started-at="2026-07-16T22:49:16 EDT" name="testLoginWithMultipleUsers" data-provider="loginData" finished-at="2026-07-16T22:49:17 EDT" duration-ms="526" status="PASS">
          <params>
            <param index="0">
              <value>
                <![CDATA[locked_out_user]]>
              </value>
            </param>
            <param index="1">
              <value>
                <![CDATA[secret_sauce]]>
              </value>
            </param>
            <param index="2">
              <value>
                <![CDATA[error]]>
              </value>
            </param>
          </params>
          <reporter-output>
          </reporter-output>
        </test-method> <!-- testLoginWithMultipleUsers -->
        <test-method is-config="true" signature="tearDown()[pri:0, instance:tests.LoginTest@38d8f54a]" started-at="2026-07-16T22:49:17 EDT" name="tearDown" finished-at="2026-07-16T22:49:17 EDT" duration-ms="145" status="PASS">
          <reporter-output>
          </reporter-output>
        </test-method> <!-- tearDown -->
        <test-method is-config="true" signature="setUp()[pri:0, instance:tests.LoginTest@38d8f54a]" started-at="2026-07-16T22:49:17 EDT" name="setUp" finished-at="2026-07-16T22:49:18 EDT" duration-ms="924" status="PASS">
          <reporter-output>
          </reporter-output>
        </test-method> <!-- setUp -->
        <test-method signature="testValidLogin()[pri:0, instance:tests.LoginTest@38d8f54a]" started-at="2026-07-16T22:49:18 EDT" name="testValidLogin" finished-at="2026-07-16T22:49:18 EDT" duration-ms="623" status="PASS">
          <reporter-output>
          </reporter-output>
        </test-method> <!-- testValidLogin -->
        <test-method is-config="true" signature="tearDown()[pri:0, instance:tests.LoginTest@38d8f54a]" started-at="2026-07-16T22:49:18 EDT" name="tearDown" finished-at="2026-07-16T22:49:18 EDT" duration-ms="151" status="PASS">
          <reporter-output>
          </reporter-output>
        </test-method> <!-- tearDown -->
      </class> <!-- tests.LoginTest -->
    </test> <!-- Default test -->
  </suite> <!-- Default suite -->
</testng-results>
