<?xml version="1.0" encoding="UTF-8"?>
<testng-results ignored="0" total="5" passed="5" failed="0" skipped="0">
  <reporter-output>
  </reporter-output>
  <suite started-at="2026-07-18T22:25:06 EDT" name="Default suite" finished-at="2026-07-18T22:25:17 EDT" duration-ms="10951">
    <groups>
    </groups>
    <test started-at="2026-07-18T22:25:06 EDT" name="Default test" finished-at="2026-07-18T22:25:17 EDT" duration-ms="10951">
      <class name="tests.LoginTest">
        <test-method is-config="true" signature="setUp()[pri:0, instance:tests.LoginTest@55b699ef]" started-at="2026-07-18T22:25:06 EDT" name="setUp" finished-at="2026-07-18T22:25:08 EDT" duration-ms="2004" status="PASS">
          <reporter-output>
          </reporter-output>
        </test-method> <!-- setUp -->
        <test-method signature="testInvalidLogin()[pri:0, instance:tests.LoginTest@55b699ef]" started-at="2026-07-18T22:25:08 EDT" name="testInvalidLogin" finished-at="2026-07-18T22:25:08 EDT" duration-ms="730" status="PASS">
          <reporter-output>
          </reporter-output>
        </test-method> <!-- testInvalidLogin -->
        <test-method is-config="true" signature="tearDown()[pri:0, instance:tests.LoginTest@55b699ef]" started-at="2026-07-18T22:25:08 EDT" name="tearDown" finished-at="2026-07-18T22:25:09 EDT" duration-ms="214" status="PASS">
          <reporter-output>
          </reporter-output>
        </test-method> <!-- tearDown -->
        <test-method is-config="true" signature="setUp()[pri:0, instance:tests.LoginTest@55b699ef]" started-at="2026-07-18T22:25:09 EDT" name="setUp" finished-at="2026-07-18T22:25:10 EDT" duration-ms="1101" status="PASS">
          <reporter-output>
          </reporter-output>
        </test-method> <!-- setUp -->
        <test-method signature="testLoginWithMultipleUsers(java.lang.String,java.lang.String,java.lang.String)[pri:0, instance:tests.LoginTest@55b699ef]" started-at="2026-07-18T22:25:10 EDT" name="testLoginWithMultipleUsers" data-provider="loginData" finished-at="2026-07-18T22:25:11 EDT" duration-ms="694" status="PASS">
          <params>
            <param index="0">
              <value>
                <![CDATA[standard_user]]>
              </value>
            </param>
            <param index="1">
              <value>
                <![CDATA[secret_sauce]]>
              </value>
            </param>
            <param index="2">
              <value>
                <![CDATA[success]]>
              </value>
            </param>
          </params>
          <reporter-output>
          </reporter-output>
        </test-method> <!-- testLoginWithMultipleUsers -->
        <test-method is-config="true" signature="tearDown()[pri:0, instance:tests.LoginTest@55b699ef]" started-at="2026-07-18T22:25:11 EDT" name="tearDown" finished-at="2026-07-18T22:25:11 EDT" duration-ms="173" status="PASS">
          <reporter-output>
          </reporter-output>
        </test-method> <!-- tearDown -->
        <test-method is-config="true" signature="setUp()[pri:0, instance:tests.LoginTest@55b699ef]" started-at="2026-07-18T22:25:11 EDT" name="setUp" finished-at="2026-07-18T22:25:12 EDT" duration-ms="1120" status="PASS">
          <reporter-output>
          </reporter-output>
        </test-method> <!-- setUp -->
        <test-method signature="testLoginWithMultipleUsers(java.lang.String,java.lang.String,java.lang.String)[pri:0, instance:tests.LoginTest@55b699ef]" started-at="2026-07-18T22:25:12 EDT" name="testLoginWithMultipleUsers" data-provider="loginData" finished-at="2026-07-18T22:25:13 EDT" duration-ms="666" status="PASS">
          <params>
            <param index="0">
              <value>
                <![CDATA[wrong_user]]>
              </value>
            </param>
            <param index="1">
              <value>
                <![CDATA[wrong_password]]>
              </value>
            </param>
            <param index="2">
              <value>
                <![CDATA[error]]>
              </value>
            </param>
          </params>
          <reporter-output>
          </reporter-output>
        </test-method> <!-- testLoginWithMultipleUsers -->
        <test-method is-config="true" signature="tearDown()[pri:0, instance:tests.LoginTest@55b699ef]" started-at="2026-07-18T22:25:13 EDT" name="tearDown" finished-at="2026-07-18T22:25:13 EDT" duration-ms="164" status="PASS">
          <reporter-output>
          </reporter-output>
        </test-method> <!-- tearDown -->
        <test-method is-config="true" signature="setUp()[pri:0, instance:tests.LoginTest@55b699ef]" started-at="2026-07-18T22:25:13 EDT" name="setUp" finished-at="2026-07-18T22:25:14 EDT" duration-ms="1115" status="PASS">
          <reporter-output>
          </reporter-output>
        </test-method> <!-- setUp -->
        <test-method signature="testLoginWithMultipleUsers(java.lang.String,java.lang.String,java.lang.String)[pri:0, instance:tests.LoginTest@55b699ef]" started-at="2026-07-18T22:25:14 EDT" name="testLoginWithMultipleUsers" data-provider="loginData" finished-at="2026-07-18T22:25:14 EDT" duration-ms="624" status="PASS">
          <params>
            <param index="0">
              <value>
                <![CDATA[locked_out_user]]>
              </value>
            </param>
            <param index="1">
              <value>
                <![CDATA[secret_sauce]]>
              </value>
            </param>
            <param index="2">
              <value>
                <![CDATA[error]]>
              </value>
            </param>
          </params>
          <reporter-output>
          </reporter-output>
        </test-method> <!-- testLoginWithMultipleUsers -->
        <test-method is-config="true" signature="tearDown()[pri:0, instance:tests.LoginTest@55b699ef]" started-at="2026-07-18T22:25:14 EDT" name="tearDown" finished-at="2026-07-18T22:25:15 EDT" duration-ms="222" status="PASS">
          <reporter-output>
          </reporter-output>
        </test-method> <!-- tearDown -->
        <test-method is-config="true" signature="setUp()[pri:0, instance:tests.LoginTest@55b699ef]" started-at="2026-07-18T22:25:15 EDT" name="setUp" finished-at="2026-07-18T22:25:16 EDT" duration-ms="1186" status="PASS">
          <reporter-output>
          </reporter-output>
        </test-method> <!-- setUp -->
        <test-method signature="testValidLogin()[pri:0, instance:tests.LoginTest@55b699ef]" started-at="2026-07-18T22:25:16 EDT" name="testValidLogin" finished-at="2026-07-18T22:25:16 EDT" duration-ms="674" status="PASS">
          <reporter-output>
          </reporter-output>
        </test-method> <!-- testValidLogin -->
        <test-method is-config="true" signature="tearDown()[pri:0, instance:tests.LoginTest@55b699ef]" started-at="2026-07-18T22:25:16 EDT" name="tearDown" finished-at="2026-07-18T22:25:17 EDT" duration-ms="172" status="PASS">
          <reporter-output>
          </reporter-output>
        </test-method> <!-- tearDown -->
      </class> <!-- tests.LoginTest -->
    </test> <!-- Default test -->
  </suite> <!-- Default suite -->
</testng-results>
