<?xml version="1.0" encoding="UTF-8"?>
<!-- Generated by org.testng.reporters.JUnitReportReporter -->
<testsuite hostname="DESKTOP-KA0ET4N" failures="0" tests="5" name="tests.LoginTest" time="11.918" errors="0" timestamp="2026-07-18T22:13:18 EDT" skipped="0">
  <testcase classname="tests.LoginTest" name="testLoginWithMultipleUsers" time="3.740"/>
  <testcase classname="tests.LoginTest" name="testLoginWithMultipleUsers" time="1.985"/>
  <testcase classname="tests.LoginTest" name="testInvalidLogin" time="2.144"/>
  <testcase classname="tests.LoginTest" name="testLoginWithMultipleUsers" time="2.035"/>
  <testcase classname="tests.LoginTest" name="testValidLogin" time="2.014"/>
</testsuite> <!-- tests.LoginTest -->
