<?xml version="1.0" encoding="UTF-8"?>
<!-- Generated by org.testng.reporters.JUnitReportReporter -->
<testsuite hostname="DESKTOP-KA0ET4N" failures="0" tests="7" name="tests.LoginTest" time="10.347" errors="0" timestamp="2026-07-23T18:48:12 EDT" skipped="0">
  <testcase classname="tests.LoginTest" name="testAddToCartWithFluentWait" time="1.626"/>
  <testcase classname="tests.LoginTest" name="testValidLogin" time="1.512"/>
  <testcase classname="tests.LoginTest" name="testAddToCartWithWaits" time="1.398"/>
  <testcase classname="tests.LoginTest" name="testLoginWithMultipleUsers" time="1.416"/>
  <testcase classname="tests.LoginTest" name="testLoginWithMultipleUsers" time="1.300"/>
  <testcase classname="tests.LoginTest" name="testInvalidLogin" time="1.744"/>
  <testcase classname="tests.LoginTest" name="testLoginWithMultipleUsers" time="1.351"/>
</testsuite> <!-- tests.LoginTest -->
